# JRE version: Java(TM) SE Runtime Environment (8.0_65-b17) (build 1.8.0_65-b17)
# Java VM: Java HotSpot(TM) 64-Bit Server VM (25.65-b01 mixed mode windows-amd64 compressed oops)
Heap:
 PSYoungGen      total 325120K, used 26425K [0x00000000eab00000, 0x00000000ffe00000, 0x0000000100000000)
  eden space 303104K, 8% used [0x00000000eab00000,0x00000000ec4ce7f0,0x00000000fd300000)
  from space 22016K, 0% used [0x00000000fe880000,0x00000000fe880000,0x00000000ffe00000)
  to   space 22016K, 0% used [0x00000000fd300000,0x00000000fd300000,0x00000000fe880000)
 ParOldGen       total 91648K, used 28481K [0x00000000c0000000, 0x00000000c5980000, 0x00000000eab00000)
  object space 91648K, 31% used [0x00000000c0000000,0x00000000c1bd04d0,0x00000000c5980000)
 Metaspace       used 57254K, capacity 59528K, committed 63104K, reserved 1103872K
  class space    used 7304K, capacity 7531K, committed 8320K, reserved 1048576K
GC Heap History (10 events):
Event: 14305.158 GC heap before
{Heap before GC invocations=28 (full 8):
 PSYoungGen      total 324608K, used 1872K [0x00000000eab00000, 0x00000000fff00000, 0x0000000100000000)
  eden space 302592K, 0% used [0x00000000eab00000,0x00000000eab00000,0x00000000fd280000)
  from space 22016K, 8% used [0x00000000fe880000,0x00000000fea54010,0x00000000ffe00000)
  to   space 22528K, 0% used [0x00000000fd280000,0x00000000fd280000,0x00000000fe880000)
 ParOldGen       total 91648K, used 40300K [0x00000000c0000000, 0x00000000c5980000, 0x00000000eab00000)
  object space 91648K, 43% used [0x00000000c0000000,0x00000000c275b3a8,0x00000000c5980000)
 Metaspace       used 57462K, capacity 60392K, committed 60544K, reserved 1101824K
  class space    used 7496K, capacity 7923K, committed 8064K, reserved 1048576K
Event: 14305.495 GC heap after
Heap after GC invocations=28 (full 8):
 PSYoungGen      total 324608K, used 0K [0x00000000eab00000, 0x00000000fff00000, 0x0000000100000000)
  eden space 302592K, 0% used [0x00000000eab00000,0x00000000eab00000,0x00000000fd280000)
  from space 22016K, 0% used [0x00000000fe880000,0x00000000fe880000,0x00000000ffe00000)
  to   space 22528K, 0% used [0x00000000fd280000,0x00000000fd280000,0x00000000fe880000)
 ParOldGen       total 91648K, used 40051K [0x00000000c0000000, 0x00000000c5980000, 0x00000000eab00000)
  object space 91648K, 43% used [0x00000000c0000000,0x00000000c271cc60,0x00000000c5980000)
 Metaspace       used 57462K, capacity 60392K, committed 60544K, reserved 1101824K
  class space    used 7496K, capacity 7923K, committed 8064K, reserved 1048576K
}
Event: 14428.076 GC heap before
{Heap before GC invocations=29 (full 8):
 PSYoungGen      total 324608K, used 297090K [0x00000000eab00000, 0x00000000fff00000, 0x0000000100000000)
  eden space 302592K, 98% used [0x00000000eab00000,0x00000000fcd20ba8,0x00000000fd280000)
  from space 22016K, 0% used [0x00000000fe880000,0x00000000fe880000,0x00000000ffe00000)
  to   space 22528K, 0% used [0x00000000fd280000,0x00000000fd280000,0x00000000fe880000)
 ParOldGen       total 91648K, used 40051K [0x00000000c0000000, 0x00000000c5980000, 0x00000000eab00000)
  object space 91648K, 43% used [0x00000000c0000000,0x00000000c271cc60,0x00000000c5980000)
 Metaspace       used 58132K, capacity 61702K, committed 61952K, reserved 1103872K
  class space    used 7581K, capacity 8063K, committed 8192K, reserved 1048576K
Event: 14428.085 GC heap after
Heap after GC invocations=29 (full 8):
 PSYoungGen      total 325120K, used 3207K [0x00000000eab00000, 0x00000000ffe00000, 0x0000000100000000)
  eden space 302592K, 0% used [0x00000000eab00000,0x00000000eab00000,0x00000000fd280000)
  from space 22528K, 14% used [0x00000000fd280000,0x00000000fd5a1e30,0x00000000fe880000)
  to   space 22016K, 0% used [0x00000000fe880000,0x00000000fe880000,0x00000000ffe00000)
 ParOldGen       total 91648K, used 40059K [0x00000000c0000000, 0x00000000c5980000, 0x00000000eab00000)
  object space 91648K, 43% used [0x00000000c0000000,0x00000000c271ec60,0x00000000c5980000)
 Metaspace       used 58132K, capacity 61702K, committed 61952K, reserved 1103872K
  class space    used 7581K, capacity 8063K, committed 8192K, reserved 1048576K
}
Event: 14428.085 GC heap before
{Heap before GC invocations=30 (full 9):
 PSYoungGen      total 325120K, used 3207K [0x00000000eab00000, 0x00000000ffe00000, 0x0000000100000000)
  eden space 302592K, 0% used [0x00000000eab00000,0x00000000eab00000,0x00000000fd280000)
  from space 22528K, 14% used [0x00000000fd280000,0x00000000fd5a1e30,0x00000000fe880000)
  to   space 22016K, 0% used [0x00000000fe880000,0x00000000fe880000,0x00000000ffe00000)
 ParOldGen       total 91648K, used 40059K [0x00000000c0000000, 0x00000000c5980000, 0x00000000eab00000)
  object space 91648K, 43% used [0x00000000c0000000,0x00000000c271ec60,0x00000000c5980000)
 Metaspace       used 58132K, capacity 61702K, committed 61952K, reserved 1103872K
  class space    used 7581K, capacity 8063K, committed 8192K, reserved 1048576K
Event: 14428.454 GC heap after
Heap after GC invocations=30 (full 9):
 PSYoungGen      total 325120K, used 0K [0x00000000eab00000, 0x00000000ffe00000, 0x0000000100000000)
  eden space 302592K, 0% used [0x00000000eab00000,0x00000000eab00000,0x00000000fd280000)
  from space 22528K, 0% used [0x00000000fd280000,0x00000000fd280000,0x00000000fe880000)
  to   space 22016K, 0% used [0x00000000fe880000,0x00000000fe880000,0x00000000ffe00000)
 ParOldGen       total 91648K, used 41524K [0x00000000c0000000, 0x00000000c5980000, 0x00000000eab00000)
  object space 91648K, 45% used [0x00000000c0000000,0x00000000c288d228,0x00000000c5980000)
 Metaspace       used 58132K, capacity 61702K, committed 61952K, reserved 1103872K
  class space    used 7581K, capacity 8063K, committed 8192K, reserved 1048576K
}
Event: 18301.816 GC heap before
{Heap before GC invocations=31 (full 9):
 PSYoungGen      total 325120K, used 296343K [0x00000000eab00000, 0x00000000ffe00000, 0x0000000100000000)
  eden space 302592K, 97% used [0x00000000eab00000,0x00000000fcc65e78,0x00000000fd280000)
  from space 22528K, 0% used [0x00000000fd280000,0x00000000fd280000,0x00000000fe880000)
  to   space 22016K, 0% used [0x00000000fe880000,0x00000000fe880000,0x00000000ffe00000)
 ParOldGen       total 91648K, used 41524K [0x00000000c0000000, 0x00000000c5980000, 0x00000000eab00000)
  object space 91648K, 45% used [0x00000000c0000000,0x00000000c288d228,0x00000000c5980000)
 Metaspace       used 58714K, capacity 62814K, committed 63104K, reserved 1103872K
  class space    used 7667K, capacity 8202K, committed 8320K, reserved 1048576K
Event: 18301.823 GC heap after
Heap after GC invocations=31 (full 9):
 PSYoungGen      total 325120K, used 3223K [0x00000000eab00000, 0x00000000ffe00000, 0x0000000100000000)
  eden space 303104K, 0% used [0x00000000eab00000,0x00000000eab00000,0x00000000fd300000)
  from space 22016K, 14% used [0x00000000fe880000,0x00000000feba5e40,0x00000000ffe00000)
  to   space 22016K, 0% used [0x00000000fd300000,0x00000000fd300000,0x00000000fe880000)
 ParOldGen       total 91648K, used 41532K [0x00000000c0000000, 0x00000000c5980000, 0x00000000eab00000)
  object space 91648K, 45% used [0x00000000c0000000,0x00000000c288f228,0x00000000c5980000)
 Metaspace       used 58714K, capacity 62814K, committed 63104K, reserved 1103872K
  class space    used 7667K, capacity 8202K, committed 8320K, reserved 1048576K
}
Event: 18301.823 GC heap before
{Heap before GC invocations=32 (full 10):
 PSYoungGen      total 325120K, used 3223K [0x00000000eab00000, 0x00000000ffe00000, 0x0000000100000000)
  eden space 303104K, 0% used [0x00000000eab00000,0x00000000eab00000,0x00000000fd300000)
  from space 22016K, 14% used [0x00000000fe880000,0x00000000feba5e40,0x00000000ffe00000)
  to   space 22016K, 0% used [0x00000000fd300000,0x00000000fd300000,0x00000000fe880000)
 ParOldGen       total 91648K, used 41532K [0x00000000c0000000, 0x00000000c5980000, 0x00000000eab00000)
  object space 91648K, 45% used [0x00000000c0000000,0x00000000c288f228,0x00000000c5980000)
 Metaspace       used 58714K, capacity 62814K, committed 63104K, reserved 1103872K
  class space    used 7667K, capacity 8202K, committed 8320K, reserved 1048576K
Event: 18302.070 GC heap after
Heap after GC invocations=32 (full 10):
 PSYoungGen      total 325120K, used 0K [0x00000000eab00000, 0x00000000ffe00000, 0x0000000100000000)
  eden space 303104K, 0% used [0x00000000eab00000,0x00000000eab00000,0x00000000fd300000)
  from space 22016K, 0% used [0x00000000fe880000,0x00000000fe880000,0x00000000ffe00000)
  to   space 22016K, 0% used [0x00000000fd300000,0x00000000fd300000,0x00000000fe880000)
 ParOldGen       total 91648K, used 28481K [0x00000000c0000000, 0x00000000c5980000, 0x00000000eab00000)
  object space 91648K, 31% used [0x00000000c0000000,0x00000000c1bd04d0,0x00000000c5980000)
 Metaspace       used 57079K, capacity 59276K, committed 63104K, reserved 1103872K
  class space    used 7279K, capacity 7487K, committed 8320K, reserved 1048576K
}

