# JRE version: Java(TM) SE Runtime Environment (8.0_65-b17) (build 1.8.0_65-b17)
# Java VM: Java HotSpot(TM) 64-Bit Server VM (25.65-b01 mixed mode windows-amd64 compressed oops)
Heap:
 PSYoungGen      total 208384K, used 152173K [0x00000000eab00000, 0x00000000f8780000, 0x0000000100000000)
  eden space 190976K, 79% used [0x00000000eab00000,0x00000000f3f9b560,0x00000000f6580000)
  from space 17408K, 0% used [0x00000000f6580000,0x00000000f6580000,0x00000000f7680000)
  to   space 17408K, 0% used [0x00000000f7680000,0x00000000f7680000,0x00000000f8780000)
 ParOldGen       total 101376K, used 24986K [0x00000000c0000000, 0x00000000c6300000, 0x00000000eab00000)
  object space 101376K, 24% used [0x00000000c0000000,0x00000000c1866978,0x00000000c6300000)
 Metaspace       used 56301K, capacity 59532K, committed 62208K, reserved 1103872K
  class space    used 7097K, capacity 7450K, committed 7936K, reserved 1048576K
GC Heap History (10 events):
Event: 12057.986 GC heap before
{Heap before GC invocations=44 (full 15):
 PSYoungGen      total 210432K, used 122434K [0x00000000eab00000, 0x00000000f8e00000, 0x0000000100000000)
  eden space 197632K, 55% used [0x00000000eab00000,0x00000000f16618e0,0x00000000f6c00000)
  from space 12800K, 97% used [0x00000000f8180000,0x00000000f8daf248,0x00000000f8e00000)
  to   space 16896K, 0% used [0x00000000f6d00000,0x00000000f6d00000,0x00000000f7d80000)
 ParOldGen       total 101376K, used 23518K [0x00000000c0000000, 0x00000000c6300000, 0x00000000eab00000)
  object space 101376K, 23% used [0x00000000c0000000,0x00000000c16f7910,0x00000000c6300000)
 Metaspace       used 56136K, capacity 59210K, committed 61952K, reserved 1103872K
  class space    used 7095K, capacity 7455K, committed 7936K, reserved 1048576K
Event: 12057.995 GC heap after
Heap after GC invocations=44 (full 15):
 PSYoungGen      total 205312K, used 7663K [0x00000000eab00000, 0x00000000f8d00000, 0x0000000100000000)
  eden space 197632K, 0% used [0x00000000eab00000,0x00000000eab00000,0x00000000f6c00000)
  from space 7680K, 99% used [0x00000000f6d00000,0x00000000f747bc80,0x00000000f7480000)
  to   space 16896K, 0% used [0x00000000f7c80000,0x00000000f7c80000,0x00000000f8d00000)
 ParOldGen       total 101376K, used 23526K [0x00000000c0000000, 0x00000000c6300000, 0x00000000eab00000)
  object space 101376K, 23% used [0x00000000c0000000,0x00000000c16f9910,0x00000000c6300000)
 Metaspace       used 56136K, capacity 59210K, committed 61952K, reserved 1103872K
  class space    used 7095K, capacity 7455K, committed 7936K, reserved 1048576K
}
Event: 12057.995 GC heap before
{Heap before GC invocations=45 (full 16):
 PSYoungGen      total 205312K, used 7663K [0x00000000eab00000, 0x00000000f8d00000, 0x0000000100000000)
  eden space 197632K, 0% used [0x00000000eab00000,0x00000000eab00000,0x00000000f6c00000)
  from space 7680K, 99% used [0x00000000f6d00000,0x00000000f747bc80,0x00000000f7480000)
  to   space 16896K, 0% used [0x00000000f7c80000,0x00000000f7c80000,0x00000000f8d00000)
 ParOldGen       total 101376K, used 23526K [0x00000000c0000000, 0x00000000c6300000, 0x00000000eab00000)
  object space 101376K, 23% used [0x00000000c0000000,0x00000000c16f9910,0x00000000c6300000)
 Metaspace       used 56136K, capacity 59210K, committed 61952K, reserved 1103872K
  class space    used 7095K, capacity 7455K, committed 7936K, reserved 1048576K
Event: 12058.118 GC heap after
Heap after GC invocations=45 (full 16):
 PSYoungGen      total 205312K, used 0K [0x00000000eab00000, 0x00000000f8d00000, 0x0000000100000000)
  eden space 197632K, 0% used [0x00000000eab00000,0x00000000eab00000,0x00000000f6c00000)
  from space 7680K, 0% used [0x00000000f6d00000,0x00000000f6d00000,0x00000000f7480000)
  to   space 16896K, 0% used [0x00000000f7c80000,0x00000000f7c80000,0x00000000f8d00000)
 ParOldGen       total 101376K, used 29930K [0x00000000c0000000, 0x00000000c6300000, 0x00000000eab00000)
  object space 101376K, 29% used [0x00000000c0000000,0x00000000c1d3aa58,0x00000000c6300000)
 Metaspace       used 55961K, capacity 58928K, committed 61952K, reserved 1103872K
  class space    used 7061K, capacity 7399K, committed 7936K, reserved 1048576K
}
Event: 13280.696 GC heap before
{Heap before GC invocations=46 (full 16):
 PSYoungGen      total 205312K, used 197632K [0x00000000eab00000, 0x00000000f8d00000, 0x0000000100000000)
  eden space 197632K, 100% used [0x00000000eab00000,0x00000000f6c00000,0x00000000f6c00000)
  from space 7680K, 0% used [0x00000000f6d00000,0x00000000f6d00000,0x00000000f7480000)
  to   space 16896K, 0% used [0x00000000f7c80000,0x00000000f7c80000,0x00000000f8d00000)
 ParOldGen       total 101376K, used 29930K [0x00000000c0000000, 0x00000000c6300000, 0x00000000eab00000)
  object space 101376K, 29% used [0x00000000c0000000,0x00000000c1d3aa58,0x00000000c6300000)
 Metaspace       used 56434K, capacity 59922K, committed 62208K, reserved 1103872K
  class space    used 7150K, capacity 7538K, committed 7936K, reserved 1048576K
Event: 13280.741 GC heap after
Heap after GC invocations=46 (full 16):
 PSYoungGen      total 202240K, used 10418K [0x00000000eab00000, 0x00000000f8780000, 0x0000000100000000)
  eden space 190976K, 0% used [0x00000000eab00000,0x00000000eab00000,0x00000000f6580000)
  from space 11264K, 92% used [0x00000000f7c80000,0x00000000f86acae8,0x00000000f8780000)
  to   space 17408K, 0% used [0x00000000f6580000,0x00000000f6580000,0x00000000f7680000)
 ParOldGen       total 101376K, used 29938K [0x00000000c0000000, 0x00000000c6300000, 0x00000000eab00000)
  object space 101376K, 29% used [0x00000000c0000000,0x00000000c1d3ca58,0x00000000c6300000)
 Metaspace       used 56434K, capacity 59922K, committed 62208K, reserved 1103872K
  class space    used 7150K, capacity 7538K, committed 7936K, reserved 1048576K
}
Event: 13286.124 GC heap before
{Heap before GC invocations=47 (full 16):
 PSYoungGen      total 202240K, used 58062K [0x00000000eab00000, 0x00000000f8780000, 0x0000000100000000)
  eden space 190976K, 24% used [0x00000000eab00000,0x00000000ed986fc8,0x00000000f6580000)
  from space 11264K, 92% used [0x00000000f7c80000,0x00000000f86acae8,0x00000000f8780000)
  to   space 17408K, 0% used [0x00000000f6580000,0x00000000f6580000,0x00000000f7680000)
 ParOldGen       total 101376K, used 29938K [0x00000000c0000000, 0x00000000c6300000, 0x00000000eab00000)
  object space 101376K, 29% used [0x00000000c0000000,0x00000000c1d3ca58,0x00000000c6300000)
 Metaspace       used 56478K, capacity 59958K, committed 62208K, reserved 1103872K
  class space    used 7153K, capacity 7544K, committed 7936K, reserved 1048576K
Event: 13286.127 GC heap after
Heap after GC invocations=47 (full 16):
 PSYoungGen      total 208384K, used 816K [0x00000000eab00000, 0x00000000f8780000, 0x0000000100000000)
  eden space 190976K, 0% used [0x00000000eab00000,0x00000000eab00000,0x00000000f6580000)
  from space 17408K, 4% used [0x00000000f6580000,0x00000000f664c030,0x00000000f7680000)
  to   space 17408K, 0% used [0x00000000f7680000,0x00000000f7680000,0x00000000f8780000)
 ParOldGen       total 101376K, used 29946K [0x00000000c0000000, 0x00000000c6300000, 0x00000000eab00000)
  object space 101376K, 29% used [0x00000000c0000000,0x00000000c1d3ea58,0x00000000c6300000)
 Metaspace       used 56478K, capacity 59958K, committed 62208K, reserved 1103872K
  class space    used 7153K, capacity 7544K, committed 7936K, reserved 1048576K
}
Event: 13286.127 GC heap before
{Heap before GC invocations=48 (full 17):
 PSYoungGen      total 208384K, used 816K [0x00000000eab00000, 0x00000000f8780000, 0x0000000100000000)
  eden space 190976K, 0% used [0x00000000eab00000,0x00000000eab00000,0x00000000f6580000)
  from space 17408K, 4% used [0x00000000f6580000,0x00000000f664c030,0x00000000f7680000)
  to   space 17408K, 0% used [0x00000000f7680000,0x00000000f7680000,0x00000000f8780000)
 ParOldGen       total 101376K, used 29946K [0x00000000c0000000, 0x00000000c6300000, 0x00000000eab00000)
  object space 101376K, 29% used [0x00000000c0000000,0x00000000c1d3ea58,0x00000000c6300000)
 Metaspace       used 56478K, capacity 59958K, committed 62208K, reserved 1103872K
  class space    used 7153K, capacity 7544K, committed 7936K, reserved 1048576K
Event: 13286.319 GC heap after
Heap after GC invocations=48 (full 17):
 PSYoungGen      total 208384K, used 0K [0x00000000eab00000, 0x00000000f8780000, 0x0000000100000000)
  eden space 190976K, 0% used [0x00000000eab00000,0x00000000eab00000,0x00000000f6580000)
  from space 17408K, 0% used [0x00000000f6580000,0x00000000f6580000,0x00000000f7680000)
  to   space 17408K, 0% used [0x00000000f7680000,0x00000000f7680000,0x00000000f8780000)
 ParOldGen       total 101376K, used 24986K [0x00000000c0000000, 0x00000000c6300000, 0x00000000eab00000)
  object space 101376K, 24% used [0x00000000c0000000,0x00000000c1866978,0x00000000c6300000)
 Metaspace       used 56008K, capacity 59030K, committed 62208K, reserved 1103872K
  class space    used 7035K, capacity 7353K, committed 7936K, reserved 1048576K
}

